Release 14.5 - xst P.58f (nt64)
Copyright (c) 1995-2012 Xilinx, Inc.  All rights reserved.
--> Parameter TMPDIR set to xst/projnav.tmp


Total REAL time to Xst completion: 0.00 secs
Total CPU time to Xst completion: 0.08 secs
 
--> Parameter xsthdpdir set to xst


Total REAL time to Xst completion: 0.00 secs
Total CPU time to Xst completion: 0.08 secs
 
--> Reading design: Extra2LPTop.prj

TABLE OF CONTENTS
  1) Synthesis Options Summary
  2) HDL Compilation
  3) Design Hierarchy Analysis
  4) HDL Analysis
  5) HDL Synthesis
     5.1) HDL Synthesis Report
  6) Advanced HDL Synthesis
     6.1) Advanced HDL Synthesis Report
  7) Low Level Synthesis
  8) Partition Report
  9) Final Report
	9.1) Device utilization summary
	9.2) Partition Resource Summary
	9.3) TIMING REPORT


=========================================================================
*                      Synthesis Options Summary                        *
=========================================================================
---- Source Parameters
Input File Name                    : "Extra2LPTop.prj"
Input Format                       : mixed
Ignore Synthesis Constraint File   : NO

---- Target Parameters
Output File Name                   : "Extra2LPTop"
Output Format                      : NGC
Target Device                      : xc3s100e-4-cp132

---- Source Options
Top Module Name                    : Extra2LPTop
Automatic FSM Extraction           : YES
FSM Encoding Algorithm             : Auto
Safe Implementation                : No
FSM Style                          : LUT
RAM Extraction                     : Yes
RAM Style                          : Auto
ROM Extraction                     : Yes
Mux Style                          : Auto
Decoder Extraction                 : YES
Priority Encoder Extraction        : Yes
Shift Register Extraction          : YES
Logical Shifter Extraction         : YES
XOR Collapsing                     : YES
ROM Style                          : Auto
Mux Extraction                     : Yes
Resource Sharing                   : YES
Asynchronous To Synchronous        : NO
Multiplier Style                   : Auto
Automatic Register Balancing       : No

---- Target Options
Add IO Buffers                     : YES
Global Maximum Fanout              : 500
Add Generic Clock Buffer(BUFG)     : 24
Register Duplication               : YES
Slice Packing                      : YES
Optimize Instantiated Primitives   : NO
Use Clock Enable                   : Yes
Use Synchronous Set                : Yes
Use Synchronous Reset              : Yes
Pack IO Registers into IOBs        : Auto
Equivalent register Removal        : YES

---- General Options
Optimization Goal                  : Speed
Optimization Effort                : 1
Keep Hierarchy                     : No
Netlist Hierarchy                  : As_Optimized
RTL Output                         : Yes
Global Optimization                : AllClockNets
Read Cores                         : YES
Write Timing Constraints           : NO
Cross Clock Analysis               : NO
Hierarchy Separator                : /
Bus Delimiter                      : <>
Case Specifier                     : Maintain
Slice Utilization Ratio            : 100
BRAM Utilization Ratio             : 100
Verilog 2001                       : YES
Auto BRAM Packing                  : NO
Slice Utilization Ratio Delta      : 5

=========================================================================


=========================================================================
*                          HDL Compilation                              *
=========================================================================
Compiling verilog file "Extra2LPTop.v" in library work
Module <Extra2LPTop> compiled
No errors in compilation
Analysis of file <"Extra2LPTop.prj"> succeeded.
 

=========================================================================
*                     Design Hierarchy Analysis                         *
=========================================================================
Analyzing hierarchy for module <Extra2LPTop> in library <work>.


=========================================================================
*                            HDL Analysis                               *
=========================================================================
Analyzing top module <Extra2LPTop>.
Module <Extra2LPTop> is correct for synthesis.
 

=========================================================================
*                           HDL Synthesis                               *
=========================================================================

Performing bidirectional port resolution...

Synthesizing Unit <Extra2LPTop>.
    Related source file is "Extra2LPTop.v".
    Found 32-bit register for signal <A>.
    Found 32-bit register for signal <B>.
    Found 32-bit register for signal <C>.
    Found 32-bit register for signal <Cdelay>.
    Found 1-bit register for signal <count<0>>.
    Found 36-bit register for signal <res1>.
    Found 36-bit adder for signal <res1$addsub0000>.
    Found 36-bit register for signal <result>.
    Summary:
	inferred 201 D-type flip-flop(s).
	inferred   1 Adder/Subtractor(s).
Unit <Extra2LPTop> synthesized.

INFO:Xst:1767 - HDL ADVISOR - Resource sharing has identified that some arithmetic operations in this design can share the same physical resources for reduced device utilization. For improved clock frequency you may try to disable resource sharing.

=========================================================================
HDL Synthesis Report

Macro Statistics
# Adders/Subtractors                                   : 1
 36-bit adder                                          : 1
# Registers                                            : 7
 1-bit register                                        : 1
 32-bit register                                       : 4
 36-bit register                                       : 2

=========================================================================

=========================================================================
*                       Advanced HDL Synthesis                          *
=========================================================================


=========================================================================
Advanced HDL Synthesis Report

Macro Statistics
# Adders/Subtractors                                   : 1
 36-bit adder                                          : 1
# Registers                                            : 201
 Flip-Flops                                            : 201

=========================================================================

=========================================================================
*                         Low Level Synthesis                           *
=========================================================================

Optimizing unit <Extra2LPTop> ...

Mapping all equations...
Building and optimizing final netlist ...
Found area constraint ratio of 100 (+ 5) on block Extra2LPTop, actual ratio is 11.

Final Macro Processing ...

Processing Unit <Extra2LPTop> :
	Found 2-bit shift register for signal <Cdelay_0>.
	Found 2-bit shift register for signal <Cdelay_1>.
	Found 2-bit shift register for signal <Cdelay_2>.
	Found 2-bit shift register for signal <Cdelay_3>.
	Found 2-bit shift register for signal <Cdelay_4>.
	Found 2-bit shift register for signal <Cdelay_5>.
	Found 2-bit shift register for signal <Cdelay_6>.
	Found 2-bit shift register for signal <Cdelay_7>.
	Found 2-bit shift register for signal <Cdelay_8>.
	Found 2-bit shift register for signal <Cdelay_9>.
	Found 2-bit shift register for signal <Cdelay_10>.
	Found 2-bit shift register for signal <Cdelay_11>.
	Found 2-bit shift register for signal <Cdelay_12>.
	Found 2-bit shift register for signal <Cdelay_13>.
	Found 2-bit shift register for signal <Cdelay_14>.
	Found 2-bit shift register for signal <Cdelay_15>.
	Found 2-bit shift register for signal <Cdelay_16>.
	Found 2-bit shift register for signal <Cdelay_17>.
	Found 2-bit shift register for signal <Cdelay_18>.
	Found 2-bit shift register for signal <Cdelay_19>.
	Found 2-bit shift register for signal <Cdelay_20>.
	Found 2-bit shift register for signal <Cdelay_21>.
	Found 2-bit shift register for signal <Cdelay_22>.
	Found 2-bit shift register for signal <Cdelay_23>.
	Found 2-bit shift register for signal <Cdelay_24>.
	Found 2-bit shift register for signal <Cdelay_25>.
	Found 2-bit shift register for signal <Cdelay_26>.
	Found 2-bit shift register for signal <Cdelay_27>.
	Found 2-bit shift register for signal <Cdelay_28>.
	Found 2-bit shift register for signal <Cdelay_29>.
	Found 2-bit shift register for signal <Cdelay_30>.
	Found 2-bit shift register for signal <Cdelay_31>.
Unit <Extra2LPTop> processed.

=========================================================================
Final Register Report

Macro Statistics
# Registers                                            : 137
 Flip-Flops                                            : 137
# Shift Registers                                      : 32
 2-bit shift register                                  : 32

=========================================================================

=========================================================================
*                           Partition Report                            *
=========================================================================

Partition Implementation Status
-------------------------------

  No Partitions were found in this design.

-------------------------------

=========================================================================
*                            Final Report                               *
=========================================================================
Final Results
RTL Top Level Output File Name     : Extra2LPTop.ngr
Top Level Output File Name         : Extra2LPTop
Output Format                      : NGC
Optimization Goal                  : Speed
Keep Hierarchy                     : No

Design Statistics
# IOs                              : 133

Cell Usage :
# BELS                             : 141
#      GND                         : 1
#      INV                         : 1
#      LUT2                        : 4
#      LUT3                        : 33
#      LUT4                        : 31
#      MUXCY                       : 35
#      XORCY                       : 36
# FlipFlops/Latches                : 169
#      FD                          : 133
#      FDE                         : 36
# Shift Registers                  : 32
#      SRL16                       : 32
# Clock Buffers                    : 1
#      BUFGP                       : 1
# IO Buffers                       : 132
#      IBUF                        : 96
#      OBUF                        : 36
=========================================================================

Device utilization summary:
---------------------------

Selected Device : 3s100ecp132-4 

 Number of Slices:                       94  out of    960     9%  
 Number of Slice Flip Flops:            169  out of   1920     8%  
 Number of 4 input LUTs:                101  out of   1920     5%  
    Number used as logic:                69
    Number used as Shift registers:      32
 Number of IOs:                         133
 Number of bonded IOBs:                 133  out of     83   160% (*) 
 Number of GCLKs:                         1  out of     24     4%  

WARNING:Xst:1336 -  (*) More than 100% of Device resources are used

---------------------------
Partition Resource Summary:
---------------------------

  No Partitions were found in this design.

---------------------------


=========================================================================
TIMING REPORT

NOTE: THESE TIMING NUMBERS ARE ONLY A SYNTHESIS ESTIMATE.
      FOR ACCURATE TIMING INFORMATION PLEASE REFER TO THE TRACE REPORT
      GENERATED AFTER PLACE-and-ROUTE.

Clock Information:
------------------
-----------------------------------+------------------------+-------+
Clock Signal                       | Clock buffer(FF name)  | Load  |
-----------------------------------+------------------------+-------+
clk                                | BUFGP                  | 201   |
-----------------------------------+------------------------+-------+

Asynchronous Control Signals Information:
----------------------------------------
No asynchronous control signals found in this design

Timing Summary:
---------------
Speed Grade: -4

   Minimum period: 7.345ns (Maximum Frequency: 136.149MHz)
   Minimum input arrival time before clock: 2.059ns
   Maximum output required time after clock: 4.283ns
   Maximum combinational path delay: No path found

Timing Detail:
--------------
All values displayed in nanoseconds (ns)

=========================================================================
Timing constraint: Default period analysis for Clock 'clk'
  Clock period: 7.345ns (frequency: 136.149MHz)
  Total number of paths / destination ports: 5827 / 141
-------------------------------------------------------------------------
Delay:               7.345ns (Levels of Logic = 38)
  Source:            count_0 (FF)
  Destination:       res1_35 (FF)
  Source Clock:      clk rising
  Destination Clock: clk rising

  Data Path: count_0 to res1_35
                                Gate     Net
    Cell:in->out      fanout   Delay   Delay  Logical Name (Net Name)
    ----------------------------------------  ------------
     FD:C->Q              69   0.591   1.309  count_0 (count_0)
     LUT3:I2->O            1   0.704   0.455  res1_mux0001<0>1 (res1_mux0001<0>)
     LUT3:I2->O            1   0.704   0.000  Madd_res1_addsub0000_lut<0> (Madd_res1_addsub0000_lut<0>)
     MUXCY:S->O            1   0.464   0.000  Madd_res1_addsub0000_cy<0> (Madd_res1_addsub0000_cy<0>)
     MUXCY:CI->O           1   0.059   0.000  Madd_res1_addsub0000_cy<1> (Madd_res1_addsub0000_cy<1>)
     MUXCY:CI->O           1   0.059   0.000  Madd_res1_addsub0000_cy<2> (Madd_res1_addsub0000_cy<2>)
     MUXCY:CI->O           1   0.059   0.000  Madd_res1_addsub0000_cy<3> (Madd_res1_addsub0000_cy<3>)
     MUXCY:CI->O           1   0.059   0.000  Madd_res1_addsub0000_cy<4> (Madd_res1_addsub0000_cy<4>)
     MUXCY:CI->O           1   0.059   0.000  Madd_res1_addsub0000_cy<5> (Madd_res1_addsub0000_cy<5>)
     MUXCY:CI->O           1   0.059   0.000  Madd_res1_addsub0000_cy<6> (Madd_res1_addsub0000_cy<6>)
     MUXCY:CI->O           1   0.059   0.000  Madd_res1_addsub0000_cy<7> (Madd_res1_addsub0000_cy<7>)
     MUXCY:CI->O           1   0.059   0.000  Madd_res1_addsub0000_cy<8> (Madd_res1_addsub0000_cy<8>)
     MUXCY:CI->O           1   0.059   0.000  Madd_res1_addsub0000_cy<9> (Madd_res1_addsub0000_cy<9>)
     MUXCY:CI->O           1   0.059   0.000  Madd_res1_addsub0000_cy<10> (Madd_res1_addsub0000_cy<10>)
     MUXCY:CI->O           1   0.059   0.000  Madd_res1_addsub0000_cy<11> (Madd_res1_addsub0000_cy<11>)
     MUXCY:CI->O           1   0.059   0.000  Madd_res1_addsub0000_cy<12> (Madd_res1_addsub0000_cy<12>)
     MUXCY:CI->O           1   0.059   0.000  Madd_res1_addsub0000_cy<13> (Madd_res1_addsub0000_cy<13>)
     MUXCY:CI->O           1   0.059   0.000  Madd_res1_addsub0000_cy<14> (Madd_res1_addsub0000_cy<14>)
     MUXCY:CI->O           1   0.059   0.000  Madd_res1_addsub0000_cy<15> (Madd_res1_addsub0000_cy<15>)
     MUXCY:CI->O           1   0.059   0.000  Madd_res1_addsub0000_cy<16> (Madd_res1_addsub0000_cy<16>)
     MUXCY:CI->O           1   0.059   0.000  Madd_res1_addsub0000_cy<17> (Madd_res1_addsub0000_cy<17>)
     MUXCY:CI->O           1   0.059   0.000  Madd_res1_addsub0000_cy<18> (Madd_res1_addsub0000_cy<18>)
     MUXCY:CI->O           1   0.059   0.000  Madd_res1_addsub0000_cy<19> (Madd_res1_addsub0000_cy<19>)
     MUXCY:CI->O           1   0.059   0.000  Madd_res1_addsub0000_cy<20> (Madd_res1_addsub0000_cy<20>)
     MUXCY:CI->O           1   0.059   0.000  Madd_res1_addsub0000_cy<21> (Madd_res1_addsub0000_cy<21>)
     MUXCY:CI->O           1   0.059   0.000  Madd_res1_addsub0000_cy<22> (Madd_res1_addsub0000_cy<22>)
     MUXCY:CI->O           1   0.059   0.000  Madd_res1_addsub0000_cy<23> (Madd_res1_addsub0000_cy<23>)
     MUXCY:CI->O           1   0.059   0.000  Madd_res1_addsub0000_cy<24> (Madd_res1_addsub0000_cy<24>)
     MUXCY:CI->O           1   0.059   0.000  Madd_res1_addsub0000_cy<25> (Madd_res1_addsub0000_cy<25>)
     MUXCY:CI->O           1   0.059   0.000  Madd_res1_addsub0000_cy<26> (Madd_res1_addsub0000_cy<26>)
     MUXCY:CI->O           1   0.059   0.000  Madd_res1_addsub0000_cy<27> (Madd_res1_addsub0000_cy<27>)
     MUXCY:CI->O           1   0.059   0.000  Madd_res1_addsub0000_cy<28> (Madd_res1_addsub0000_cy<28>)
     MUXCY:CI->O           1   0.059   0.000  Madd_res1_addsub0000_cy<29> (Madd_res1_addsub0000_cy<29>)
     MUXCY:CI->O           1   0.059   0.000  Madd_res1_addsub0000_cy<30> (Madd_res1_addsub0000_cy<30>)
     MUXCY:CI->O           1   0.059   0.000  Madd_res1_addsub0000_cy<31> (Madd_res1_addsub0000_cy<31>)
     MUXCY:CI->O           1   0.059   0.000  Madd_res1_addsub0000_cy<32> (Madd_res1_addsub0000_cy<32>)
     MUXCY:CI->O           1   0.059   0.000  Madd_res1_addsub0000_cy<33> (Madd_res1_addsub0000_cy<33>)
     MUXCY:CI->O           0   0.059   0.000  Madd_res1_addsub0000_cy<34> (Madd_res1_addsub0000_cy<34>)
     XORCY:CI->O           1   0.804   0.000  Madd_res1_addsub0000_xor<35> (res1_addsub0000<35>)
     FD:D                      0.308          res1_35
    ----------------------------------------
    Total                      7.345ns (5.581ns logic, 1.764ns route)
                                       (76.0% logic, 24.0% route)

=========================================================================
Timing constraint: Default OFFSET IN BEFORE for Clock 'clk'
  Total number of paths / destination ports: 96 / 96
-------------------------------------------------------------------------
Offset:              2.059ns (Levels of Logic = 1)
  Source:            C_in<0> (PAD)
  Destination:       Mshreg_Cdelay_0 (FF)
  Destination Clock: clk rising

  Data Path: C_in<0> to Mshreg_Cdelay_0
                                Gate     Net
    Cell:in->out      fanout   Delay   Delay  Logical Name (Net Name)
    ----------------------------------------  ------------
     IBUF:I->O             1   1.218   0.420  C_in_0_IBUF (C_in_0_IBUF)
     SRL16:D                   0.421          Mshreg_Cdelay_0
    ----------------------------------------
    Total                      2.059ns (1.639ns logic, 0.420ns route)
                                       (79.6% logic, 20.4% route)

=========================================================================
Timing constraint: Default OFFSET OUT AFTER for Clock 'clk'
  Total number of paths / destination ports: 36 / 36
-------------------------------------------------------------------------
Offset:              4.283ns (Levels of Logic = 1)
  Source:            result_35 (FF)
  Destination:       Q<35> (PAD)
  Source Clock:      clk rising

  Data Path: result_35 to Q<35>
                                Gate     Net
    Cell:in->out      fanout   Delay   Delay  Logical Name (Net Name)
    ----------------------------------------  ------------
     FDE:C->Q              1   0.591   0.420  result_35 (result_35)
     OBUF:I->O                 3.272          Q_35_OBUF (Q<35>)
    ----------------------------------------
    Total                      4.283ns (3.863ns logic, 0.420ns route)
                                       (90.2% logic, 9.8% route)

=========================================================================


Total REAL time to Xst completion: 4.00 secs
Total CPU time to Xst completion: 3.53 secs
 
--> 

Total memory usage is 4498492 kilobytes

Number of errors   :    0 (   0 filtered)
Number of warnings :    1 (   0 filtered)
Number of infos    :    1 (   0 filtered)

